Removed Pin From Net: NetName=NetU6_7 Pin=U10-1
Removed Pin From Net: NetName=NetU6_6 Pin=U10-2
Removed Pin From Net: NetName=NetU6_5 Pin=U10-3
Removed Pin From Net: NetName=NetU6_4 Pin=U10-4
Removed Pin From Net: NetName=NetU6_3 Pin=U10-5
Removed Pin From Net: NetName=NetU6_2 Pin=U10-6
Removed Pin From Net: NetName=NetU6_1 Pin=U10-7
Removed Pin From Net: NetName=NetU7_7 Pin=U11-1
Removed Pin From Net: NetName=NetU7_6 Pin=U11-2
Removed Pin From Net: NetName=NetU7_5 Pin=U11-3
Removed Pin From Net: NetName=NetU7_4 Pin=U11-4
Removed Pin From Net: NetName=NetU7_3 Pin=U11-5
Removed Pin From Net: NetName=NetU7_2 Pin=U11-6
Removed Pin From Net: NetName=NetU7_1 Pin=U11-7
Added Component: Designator=U4(LC-SOP-16_150mil)
Added Component: Designator=U5(LC-SOP-16_150mil)
Added Component: Designator=U6(LC-SOP-16_150mil)
Added Component: Designator=U7(LC-SOP-16_150mil)
Added Pin To Net: NetName=NetU4_1 Pin=U4-1
Added Pin To Net: NetName=NetU4_2 Pin=U4-2
Added Pin To Net: NetName=NetU4_3 Pin=U4-3
Added Pin To Net: NetName=NetU4_4 Pin=U4-4
Added Pin To Net: NetName=NetU4_5 Pin=U4-5
Added Pin To Net: NetName=NetU4_6 Pin=U4-6
Added Pin To Net: NetName=NetU4_7 Pin=U4-7
Added Pin To Net: NetName=GND Pin=U4-8
Added Pin To Net: NetName=VH Pin=U4-9
Added Pin To Net: NetName=Y1A Pin=U4-10
Added Pin To Net: NetName=Y1B Pin=U4-11
Added Pin To Net: NetName=Y1C Pin=U4-12
Added Pin To Net: NetName=Y1D Pin=U4-13
Added Pin To Net: NetName=Y1E Pin=U4-14
Added Pin To Net: NetName=Y1F Pin=U4-15
Added Pin To Net: NetName=Y1G Pin=U4-16
Added Pin To Net: NetName=NetU5_1 Pin=U5-1
Added Pin To Net: NetName=NetU5_2 Pin=U5-2
Added Pin To Net: NetName=NetU5_3 Pin=U5-3
Added Pin To Net: NetName=NetU5_4 Pin=U5-4
Added Pin To Net: NetName=NetU5_5 Pin=U5-5
Added Pin To Net: NetName=NetU5_6 Pin=U5-6
Added Pin To Net: NetName=NetU5_7 Pin=U5-7
Added Pin To Net: NetName=GND Pin=U5-8
Added Pin To Net: NetName=VH Pin=U5-9
Added Pin To Net: NetName=Y2A Pin=U5-10
Added Pin To Net: NetName=Y2B Pin=U5-11
Added Pin To Net: NetName=Y2C Pin=U5-12
Added Pin To Net: NetName=Y2D Pin=U5-13
Added Pin To Net: NetName=Y2E Pin=U5-14
Added Pin To Net: NetName=Y2F Pin=U5-15
Added Pin To Net: NetName=Y2G Pin=U5-16
Added Pin To Net: NetName=NetU6_1 Pin=U6-1
Added Pin To Net: NetName=NetU6_2 Pin=U6-2
Added Pin To Net: NetName=NetU6_3 Pin=U6-3
Added Pin To Net: NetName=NetU6_4 Pin=U6-4
Added Pin To Net: NetName=NetU6_5 Pin=U6-5
Added Pin To Net: NetName=NetU6_6 Pin=U6-6
Added Pin To Net: NetName=NetU6_7 Pin=U6-7
Added Pin To Net: NetName=GND Pin=U6-8
Added Pin To Net: NetName=VH Pin=U6-9
Added Pin To Net: NetName=Y4A Pin=U6-10
Added Pin To Net: NetName=Y4B Pin=U6-11
Added Pin To Net: NetName=Y4C Pin=U6-12
Added Pin To Net: NetName=Y4D Pin=U6-13
Added Pin To Net: NetName=Y4E Pin=U6-14
Added Pin To Net: NetName=Y4F Pin=U6-15
Added Pin To Net: NetName=Y4G Pin=U6-16
Added Pin To Net: NetName=NetU7_1 Pin=U7-1
Added Pin To Net: NetName=NetU7_2 Pin=U7-2
Added Pin To Net: NetName=NetU7_3 Pin=U7-3
Added Pin To Net: NetName=NetU7_4 Pin=U7-4
Added Pin To Net: NetName=NetU7_5 Pin=U7-5
Added Pin To Net: NetName=NetU7_6 Pin=U7-6
Added Pin To Net: NetName=NetU7_7 Pin=U7-7
Added Pin To Net: NetName=GND Pin=U7-8
Added Pin To Net: NetName=VH Pin=U7-9
Added Pin To Net: NetName=Y3A Pin=U7-10
Added Pin To Net: NetName=Y3B Pin=U7-11
Added Pin To Net: NetName=Y3C Pin=U7-12
Added Pin To Net: NetName=Y3D Pin=U7-13
Added Pin To Net: NetName=Y3E Pin=U7-14
Added Pin To Net: NetName=Y3F Pin=U7-15
Added Pin To Net: NetName=Y3G Pin=U7-16
Added Pin To Net: NetName=NetU7_7 Pin=U10-1
Added Pin To Net: NetName=NetU7_6 Pin=U10-2
Added Pin To Net: NetName=NetU7_5 Pin=U10-3
Added Pin To Net: NetName=NetU7_4 Pin=U10-4
Added Pin To Net: NetName=NetU7_3 Pin=U10-5
Added Pin To Net: NetName=NetU7_2 Pin=U10-6
Added Pin To Net: NetName=NetU7_1 Pin=U10-7
Added Pin To Net: NetName=NetU6_7 Pin=U11-1
Added Pin To Net: NetName=NetU6_6 Pin=U11-2
Added Pin To Net: NetName=NetU6_5 Pin=U11-3
Added Pin To Net: NetName=NetU6_4 Pin=U11-4
Added Pin To Net: NetName=NetU6_3 Pin=U11-5
Added Pin To Net: NetName=NetU6_2 Pin=U11-6
Added Pin To Net: NetName=NetU6_1 Pin=U11-7
Added Member To Class: ClassName=BPC_Clock Member=Component U4 ULN2003
Added Member To Class: ClassName=BPC_Clock Member=Component U5 ULN2003
Added Member To Class: ClassName=BPC_Clock Member=Component U6 ULN2003
Added Member To Class: ClassName=BPC_Clock Member=Component U7 ULN2003
