Added Component: Designator=C1(CAPC2012N)
Added Component: Designator=C2(CAPC2012N)
Added Component: Designator=C3(CAPC2012N)
Added Component: Designator=C4(CAPC2012N)
Added Component: Designator=C5(CAPC2012N)
Added Component: Designator=C6(CAPC2012N)
Added Component: Designator=C7(CAPC2012N)
Added Component: Designator=C8(CAPC2012N)
Added Component: Designator=C9(CAPC2012N)
Added Component: Designator=C10(CAPC2012N)
Added Component: Designator=C11(CAPC2012N)
Added Component: Designator=C12(CAPC2012N)
Added Component: Designator=C13(CAPC2012N)
Added Component: Designator=C14(CAPC2012N)
Added Component: Designator=C15(CAPC2012N)
Added Component: Designator=C16(CAPC2012N)
Added Component: Designator=D1(DSO-F2/D6.1)
Added Component: Designator=D2(DSO-F2/D6.1)
Added Component: Designator=J1(KLD-0202)
Added Component: Designator=L1(CAPC1608N)
Added Component: Designator=L2(INDC1005AL)
Added Component: Designator=P1(HDR1X2)
Added Component: Designator=P2(HDR1X4)
Added Component: Designator=P3(HDR1X3)
Added Component: Designator=Q1(LC-SOT-23(SOT-23-3))
Added Component: Designator=Q2(BCY-W3)
Added Component: Designator=R1(RES 0805N (2012))
Added Component: Designator=R2(RES 0805N (2012))
Added Component: Designator=R3(RES 0805N (2012))
Added Component: Designator=R4(RES 0805N (2012))
Added Component: Designator=R5(RES 0805N (2012))
Added Component: Designator=R6(RES 0805N (2012))
Added Component: Designator=R7(RES 0805N (2012))
Added Component: Designator=R8(RES 0805N (2012))
Added Component: Designator=S1(sw)
Added Component: Designator=U1(LC-TSOT-23-8)
Added Component: Designator=U2(MT3608)
Added Component: Designator=U8(LC-DIP-16)
Added Component: Designator=U9(LC-DIP-16)
Added Component: Designator=U10(LC-DIP-16)
Added Component: Designator=U11(LC-DIP-16)
Added Component: Designator=U12(CME6005)
Added Component: Designator=U13(IV-11)
Added Component: Designator=U14(IV-11)
Added Component: Designator=U15(IV-11)
Added Component: Designator=U16(IV-11)
Added Component: Designator=Y1(BCY-W2/D3.1)
Added Pin To Net: NetName=BPC_CODE Pin=D1-2
Added Pin To Net: NetName=BPC_CODE Pin=P3-3
Added Net: Name=BPC_CODE
Added Pin To Net: NetName=BPC_DATA Pin=P3-2
Added Net: Name=BPC_DATA
Added Pin To Net: NetName=BPC_TEST Pin=P1-1
Added Pin To Net: NetName=BPC_TEST Pin=P3-1
Added Net: Name=BPC_TEST
Added Pin To Net: NetName=GND Pin=C1-2
Added Pin To Net: NetName=GND Pin=C2-2
Added Pin To Net: NetName=GND Pin=C3-2
Added Pin To Net: NetName=GND Pin=C4-2
Added Pin To Net: NetName=GND Pin=C5-2
Added Pin To Net: NetName=GND Pin=C6-2
Added Pin To Net: NetName=GND Pin=C7-2
Added Pin To Net: NetName=GND Pin=C8-2
Added Pin To Net: NetName=GND Pin=C9-2
Added Pin To Net: NetName=GND Pin=C10-2
Added Pin To Net: NetName=GND Pin=C11-2
Added Pin To Net: NetName=GND Pin=C12-2
Added Pin To Net: NetName=GND Pin=C13-2
Added Pin To Net: NetName=GND Pin=C14-2
Added Pin To Net: NetName=GND Pin=C15-2
Added Pin To Net: NetName=GND Pin=C16-2
Added Pin To Net: NetName=GND Pin=J1-2
Added Pin To Net: NetName=GND Pin=J1-2A
Added Pin To Net: NetName=GND Pin=J1-2B
Added Pin To Net: NetName=GND Pin=J1-3
Added Pin To Net: NetName=GND Pin=J1-3A
Added Pin To Net: NetName=GND Pin=J1-3B
Added Pin To Net: NetName=GND Pin=P1-2
Added Pin To Net: NetName=GND Pin=P2-4
Added Pin To Net: NetName=GND Pin=R1-1
Added Pin To Net: NetName=GND Pin=R4-1
Added Pin To Net: NetName=GND Pin=R7-1
Added Pin To Net: NetName=GND Pin=U1-4
Added Pin To Net: NetName=GND Pin=U1-6
Added Pin To Net: NetName=GND Pin=U2-2
Added Pin To Net: NetName=GND Pin=U2-4
Added Pin To Net: NetName=GND Pin=U8-8
Added Pin To Net: NetName=GND Pin=U9-8
Added Pin To Net: NetName=GND Pin=U10-8
Added Pin To Net: NetName=GND Pin=U11-8
Added Pin To Net: NetName=GND Pin=U12-3
Added Pin To Net: NetName=GND Pin=U13-11
Added Pin To Net: NetName=GND Pin=U14-11
Added Pin To Net: NetName=GND Pin=U15-11
Added Pin To Net: NetName=GND Pin=U16-11
Added Net: Name=GND
Added Pin To Net: NetName=LIGHT_ON Pin=R3-1
Added Net: Name=LIGHT_ON
Added Pin To Net: NetName=NetC15_1 Pin=C15-1
Added Pin To Net: NetName=NetC15_1 Pin=U12-13
Added Net: Name=NetC15_1
Added Pin To Net: NetName=NetC16_1 Pin=C16-1
Added Pin To Net: NetName=NetC16_1 Pin=U12-15
Added Net: Name=NetC16_1
Added Pin To Net: NetName=NetD1_1 Pin=D1-1
Added Pin To Net: NetName=NetD1_1 Pin=U12-11
Added Net: Name=NetD1_1
Added Pin To Net: NetName=NetD2_1 Pin=D2-1
Added Pin To Net: NetName=NetD2_1 Pin=R8-1
Added Net: Name=NetD2_1
Added Pin To Net: NetName=NetL1_2 Pin=L1-2
Added Pin To Net: NetName=NetL1_2 Pin=U1-3
Added Net: Name=NetL1_2
Added Pin To Net: NetName=NetL2_1 Pin=L2-1
Added Pin To Net: NetName=NetL2_1 Pin=U12-7
Added Net: Name=NetL2_1
Added Pin To Net: NetName=NetL2_2 Pin=L2-2
Added Pin To Net: NetName=NetL2_2 Pin=U12-6
Added Net: Name=NetL2_2
Added Pin To Net: NetName=NetQ1_1 Pin=Q1-1
Added Pin To Net: NetName=NetQ1_1 Pin=Q2-1
Added Pin To Net: NetName=NetQ1_1 Pin=R2-2
Added Net: Name=NetQ1_1
Added Pin To Net: NetName=NetQ2_2 Pin=Q2-2
Added Pin To Net: NetName=NetQ2_2 Pin=R3-2
Added Net: Name=NetQ2_2
Added Pin To Net: NetName=NetQ2_3 Pin=Q2-3
Added Pin To Net: NetName=NetQ2_3 Pin=R4-2
Added Net: Name=NetQ2_3
Added Pin To Net: NetName=NetR1_2 Pin=R1-2
Added Pin To Net: NetName=NetR1_2 Pin=R5-1
Added Pin To Net: NetName=NetR1_2 Pin=U1-7
Added Net: Name=NetR1_2
Added Pin To Net: NetName=NetR6_1 Pin=R6-1
Added Pin To Net: NetName=NetR6_1 Pin=S1-1
Added Pin To Net: NetName=NetR6_1 Pin=S1-1
Added Net: Name=NetR6_1
Added Pin To Net: NetName=NetU4_1 Pin=U8-7
Added Net: Name=NetU4_1
Added Pin To Net: NetName=NetU4_2 Pin=U8-6
Added Net: Name=NetU4_2
Added Pin To Net: NetName=NetU4_3 Pin=U8-5
Added Net: Name=NetU4_3
Added Pin To Net: NetName=NetU4_4 Pin=U8-4
Added Net: Name=NetU4_4
Added Pin To Net: NetName=NetU4_5 Pin=U8-3
Added Net: Name=NetU4_5
Added Pin To Net: NetName=NetU4_6 Pin=U8-2
Added Net: Name=NetU4_6
Added Pin To Net: NetName=NetU4_7 Pin=U8-1
Added Net: Name=NetU4_7
Added Pin To Net: NetName=NetU5_1 Pin=U9-7
Added Net: Name=NetU5_1
Added Pin To Net: NetName=NetU5_2 Pin=U9-6
Added Net: Name=NetU5_2
Added Pin To Net: NetName=NetU5_3 Pin=U9-5
Added Net: Name=NetU5_3
Added Pin To Net: NetName=NetU5_4 Pin=U9-4
Added Net: Name=NetU5_4
Added Pin To Net: NetName=NetU5_5 Pin=U9-3
Added Net: Name=NetU5_5
Added Pin To Net: NetName=NetU5_6 Pin=U9-2
Added Net: Name=NetU5_6
Added Pin To Net: NetName=NetU5_7 Pin=U9-1
Added Net: Name=NetU5_7
Added Pin To Net: NetName=NetU6_1 Pin=U10-7
Added Net: Name=NetU6_1
Added Pin To Net: NetName=NetU6_2 Pin=U10-6
Added Net: Name=NetU6_2
Added Pin To Net: NetName=NetU6_3 Pin=U10-5
Added Net: Name=NetU6_3
Added Pin To Net: NetName=NetU6_4 Pin=U10-4
Added Net: Name=NetU6_4
Added Pin To Net: NetName=NetU6_5 Pin=U10-3
Added Net: Name=NetU6_5
Added Pin To Net: NetName=NetU6_6 Pin=U10-2
Added Net: Name=NetU6_6
Added Pin To Net: NetName=NetU6_7 Pin=U10-1
Added Net: Name=NetU6_7
Added Pin To Net: NetName=NetU7_1 Pin=U11-7
Added Net: Name=NetU7_1
Added Pin To Net: NetName=NetU7_2 Pin=U11-6
Added Net: Name=NetU7_2
Added Pin To Net: NetName=NetU7_3 Pin=U11-5
Added Net: Name=NetU7_3
Added Pin To Net: NetName=NetU7_4 Pin=U11-4
Added Net: Name=NetU7_4
Added Pin To Net: NetName=NetU7_5 Pin=U11-3
Added Net: Name=NetU7_5
Added Pin To Net: NetName=NetU7_6 Pin=U11-2
Added Net: Name=NetU7_6
Added Pin To Net: NetName=NetU7_7 Pin=U11-1
Added Net: Name=NetU7_7
Added Pin To Net: NetName=NetU8_14 Pin=U8-14
Added Pin To Net: NetName=NetU8_14 Pin=U9-9
Added Net: Name=NetU8_14
Added Pin To Net: NetName=NetU9_14 Pin=U9-14
Added Pin To Net: NetName=NetU9_14 Pin=U10-9
Added Net: Name=NetU9_14
Added Pin To Net: NetName=NetU10_14 Pin=U10-14
Added Pin To Net: NetName=NetU10_14 Pin=U11-9
Added Net: Name=NetU10_14
Added Pin To Net: NetName=NetU12_2 Pin=U12-2
Added Pin To Net: NetName=NetU12_2 Pin=Y1-1
Added Net: Name=NetU12_2
Added Pin To Net: NetName=NetU12_4 Pin=U12-4
Added Pin To Net: NetName=NetU12_4 Pin=Y1-2
Added Net: Name=NetU12_4
Added Pin To Net: NetName=PIC_CLK Pin=P2-3
Added Net: Name=PIC_CLK
Added Pin To Net: NetName=PIC_DATA Pin=U11-14
Added Net: Name=PIC_DATA
Added Pin To Net: NetName=PIC_DA Pin=P2-2
Added Net: Name=PIC_DA
Added Pin To Net: NetName=PIC_OE Pin=U8-13
Added Pin To Net: NetName=PIC_OE Pin=U9-13
Added Pin To Net: NetName=PIC_OE Pin=U10-13
Added Pin To Net: NetName=PIC_OE Pin=U11-13
Added Net: Name=PIC_OE
Added Pin To Net: NetName=PIC_SHCP Pin=U8-11
Added Pin To Net: NetName=PIC_SHCP Pin=U9-11
Added Pin To Net: NetName=PIC_SHCP Pin=U10-11
Added Pin To Net: NetName=PIC_SHCP Pin=U11-11
Added Net: Name=PIC_SHCP
Added Pin To Net: NetName=PIC_STCP Pin=U8-12
Added Pin To Net: NetName=PIC_STCP Pin=U9-12
Added Pin To Net: NetName=PIC_STCP Pin=U10-12
Added Pin To Net: NetName=PIC_STCP Pin=U11-12
Added Net: Name=PIC_STCP
Added Pin To Net: NetName=STATE Pin=D2-2
Added Net: Name=STATE
Added Pin To Net: NetName=SYN Pin=R7-2
Added Pin To Net: NetName=SYN Pin=S1-2
Added Pin To Net: NetName=SYN Pin=S1-2
Added Net: Name=SYN
Added Pin To Net: NetName=VCC_LIGHT Pin=C7-1
Added Pin To Net: NetName=VCC_LIGHT Pin=Q1-2
Added Pin To Net: NetName=VCC_LIGHT Pin=U1-2
Added Pin To Net: NetName=VCC_LIGHT Pin=U1-8
Added Pin To Net: NetName=VCC_LIGHT Pin=U2-3
Added Net: Name=VCC_LIGHT
Added Pin To Net: NetName=VCC Pin=C8-1
Added Pin To Net: NetName=VCC Pin=C9-1
Added Pin To Net: NetName=VCC Pin=C10-1
Added Pin To Net: NetName=VCC Pin=C11-1
Added Pin To Net: NetName=VCC Pin=C13-1
Added Pin To Net: NetName=VCC Pin=C14-1
Added Pin To Net: NetName=VCC Pin=J1-1
Added Pin To Net: NetName=VCC Pin=J1-1A
Added Pin To Net: NetName=VCC Pin=J1-1B
Added Pin To Net: NetName=VCC Pin=Q1-3
Added Pin To Net: NetName=VCC Pin=R2-1
Added Pin To Net: NetName=VCC Pin=R6-2
Added Pin To Net: NetName=VCC Pin=R8-2
Added Pin To Net: NetName=VCC Pin=U8-10
Added Pin To Net: NetName=VCC Pin=U8-16
Added Pin To Net: NetName=VCC Pin=U9-10
Added Pin To Net: NetName=VCC Pin=U9-16
Added Pin To Net: NetName=VCC Pin=U10-10
Added Pin To Net: NetName=VCC Pin=U10-16
Added Pin To Net: NetName=VCC Pin=U11-10
Added Pin To Net: NetName=VCC Pin=U11-16
Added Pin To Net: NetName=VCC Pin=U12-5
Added Pin To Net: NetName=VCC Pin=U12-12
Added Net: Name=VCC
Added Pin To Net: NetName=VH Pin=C1-1
Added Pin To Net: NetName=VH Pin=C2-1
Added Pin To Net: NetName=VH Pin=C3-1
Added Pin To Net: NetName=VH Pin=C4-1
Added Pin To Net: NetName=VH Pin=C5-1
Added Pin To Net: NetName=VH Pin=C6-1
Added Pin To Net: NetName=VH Pin=U2-1
Added Net: Name=VH
Added Pin To Net: NetName=VL Pin=C12-1
Added Pin To Net: NetName=VL Pin=L1-1
Added Pin To Net: NetName=VL Pin=R5-2
Added Pin To Net: NetName=VL Pin=U1-5
Added Pin To Net: NetName=VL Pin=U13-1
Added Pin To Net: NetName=VL Pin=U14-1
Added Pin To Net: NetName=VL Pin=U15-1
Added Pin To Net: NetName=VL Pin=U16-1
Added Net: Name=VL
Added Pin To Net: NetName=Y1A Pin=U13-3
Added Net: Name=Y1A
Added Pin To Net: NetName=Y1B Pin=U13-5
Added Net: Name=Y1B
Added Pin To Net: NetName=Y1C Pin=U13-6
Added Net: Name=Y1C
Added Pin To Net: NetName=Y1D Pin=U13-7
Added Net: Name=Y1D
Added Pin To Net: NetName=Y1E Pin=U13-8
Added Net: Name=Y1E
Added Pin To Net: NetName=Y1F Pin=U13-9
Added Net: Name=Y1F
Added Pin To Net: NetName=Y1G Pin=U13-10
Added Net: Name=Y1G
Added Pin To Net: NetName=Y2A Pin=U14-3
Added Net: Name=Y2A
Added Pin To Net: NetName=Y2B Pin=U14-5
Added Net: Name=Y2B
Added Pin To Net: NetName=Y2C Pin=U14-6
Added Net: Name=Y2C
Added Pin To Net: NetName=Y2D Pin=U14-7
Added Net: Name=Y2D
Added Pin To Net: NetName=Y2E Pin=U14-8
Added Net: Name=Y2E
Added Pin To Net: NetName=Y2F Pin=U14-9
Added Net: Name=Y2F
Added Pin To Net: NetName=Y2G Pin=U14-10
Added Net: Name=Y2G
Added Pin To Net: NetName=Y3A Pin=U15-3
Added Net: Name=Y3A
Added Pin To Net: NetName=Y3B Pin=U15-5
Added Net: Name=Y3B
Added Pin To Net: NetName=Y3C Pin=U15-6
Added Net: Name=Y3C
Added Pin To Net: NetName=Y3D Pin=U15-7
Added Net: Name=Y3D
Added Pin To Net: NetName=Y3E Pin=U15-8
Added Net: Name=Y3E
Added Pin To Net: NetName=Y3F Pin=U15-9
Added Net: Name=Y3F
Added Pin To Net: NetName=Y3G Pin=U15-10
Added Net: Name=Y3G
Added Pin To Net: NetName=Y4A Pin=U16-3
Added Net: Name=Y4A
Added Pin To Net: NetName=Y4B Pin=U16-5
Added Net: Name=Y4B
Added Pin To Net: NetName=Y4C Pin=U16-6
Added Net: Name=Y4C
Added Pin To Net: NetName=Y4D Pin=U16-7
Added Net: Name=Y4D
Added Pin To Net: NetName=Y4E Pin=U16-8
Added Net: Name=Y4E
Added Pin To Net: NetName=Y4F Pin=U16-9
Added Net: Name=Y4F
Added Pin To Net: NetName=Y4G Pin=U16-10
Added Net: Name=Y4G
Added Class: Name=BPC_Clock
Added Room: Name=BPC_Clock
