Added Component: Designator=RN1(RN-9P)
Added Component: Designator=RN2(RN-9P)
Added Component: Designator=RN3(RN-9P)
Added Component: Designator=RN4(RN-9P)
Added Pin To Net: NetName=VH Pin=RN1-1
Added Pin To Net: NetName=Y2A Pin=RN1-2
Added Pin To Net: NetName=Y2B Pin=RN1-3
Added Pin To Net: NetName=Y2C Pin=RN1-4
Added Pin To Net: NetName=Y2D Pin=RN1-5
Added Pin To Net: NetName=Y2E Pin=RN1-6
Added Pin To Net: NetName=Y2F Pin=RN1-7
Added Pin To Net: NetName=Y2G Pin=RN1-8
Added Pin To Net: NetName=VH Pin=RN2-1
Added Pin To Net: NetName=Y4A Pin=RN2-2
Added Pin To Net: NetName=Y4B Pin=RN2-3
Added Pin To Net: NetName=Y4C Pin=RN2-4
Added Pin To Net: NetName=Y4D Pin=RN2-5
Added Pin To Net: NetName=Y4E Pin=RN2-6
Added Pin To Net: NetName=Y4F Pin=RN2-7
Added Pin To Net: NetName=Y4G Pin=RN2-8
Added Pin To Net: NetName=VH Pin=RN3-1
Added Pin To Net: NetName=Y1A Pin=RN3-2
Added Pin To Net: NetName=Y1B Pin=RN3-3
Added Pin To Net: NetName=Y1C Pin=RN3-4
Added Pin To Net: NetName=Y1D Pin=RN3-5
Added Pin To Net: NetName=Y1E Pin=RN3-6
Added Pin To Net: NetName=Y1F Pin=RN3-7
Added Pin To Net: NetName=Y1G Pin=RN3-8
Added Pin To Net: NetName=VH Pin=RN4-1
Added Pin To Net: NetName=Y3A Pin=RN4-2
Added Pin To Net: NetName=Y3B Pin=RN4-3
Added Pin To Net: NetName=Y3C Pin=RN4-4
Added Pin To Net: NetName=Y3D Pin=RN4-5
Added Pin To Net: NetName=Y3E Pin=RN4-6
Added Pin To Net: NetName=Y3F Pin=RN4-7
Added Pin To Net: NetName=Y3G Pin=RN4-8
Added Member To Class: ClassName=BPC_Clock Member=Component RN1 RN-9P
Added Member To Class: ClassName=BPC_Clock Member=Component RN2 RN-9P
Added Member To Class: ClassName=BPC_Clock Member=Component RN3 RN-9P
Added Member To Class: ClassName=BPC_Clock Member=Component RN4 RN-9P
